<?xml version="1.0" encoding="UTF-8"?>
<testng-results skipped="0" failed="0" ignored="0" total="1" passed="1">
  <reporter-output>
  </reporter-output>
  <suite name="Default suite" duration-ms="11838" started-at="2020-09-05T05:33:30Z" finished-at="2020-09-05T05:33:42Z">
    <groups>
      <group name="cucumber">
        <method signature="AbstractTestNGCucumberTests.runScenario(io.cucumber.testng.PickleEventWrapper, io.cucumber.testng.CucumberFeatureWrapper)[pri:0, instance:runners.TestRunner@7085bdee]" name="runScenario" class="io.cucumber.testng.AbstractTestNGCucumberTests"/>
      </group> <!-- cucumber -->
    </groups>
    <test name="Default test" duration-ms="11838" started-at="2020-09-05T05:33:30Z" finished-at="2020-09-05T05:33:42Z">
      <class name="runners.TestRunner">
        <test-method status="PASS" signature="setUpClass()[pri:0, instance:runners.TestRunner@7085bdee]" name="setUpClass" is-config="true" duration-ms="103" started-at="2020-09-05T05:33:30Z" finished-at="2020-09-05T05:33:30Z">
          <reporter-output>
          </reporter-output>
        </test-method> <!-- setUpClass -->
        <test-method status="PASS" signature="before()[pri:0, instance:runners.TestRunner@7085bdee]" name="before" is-config="true" duration-ms="0" started-at="2020-09-05T05:33:30Z" finished-at="2020-09-05T05:33:30Z">
          <reporter-output>
          </reporter-output>
        </test-method> <!-- before -->
        <test-method status="PASS" signature="runScenario(io.cucumber.testng.PickleEventWrapper, io.cucumber.testng.CucumberFeatureWrapper)[pri:0, instance:runners.TestRunner@7085bdee]" name="runScenario" duration-ms="11598" started-at="2020-09-05T05:33:30Z" description="Runs Cucumber Scenarios" data-provider="scenarios" finished-at="2020-09-05T05:33:42Z">
          <params>
            <param index="0">
              <value>
                <![CDATA["Verify weather information for a happy holidaymaker"]]>
              </value>
            </param>
            <param index="1">
              <value>
                <![CDATA["Verify weather information"]]>
              </value>
            </param>
          </params>
          <reporter-output>
          </reporter-output>
        </test-method> <!-- runScenario -->
        <test-method status="PASS" signature="after()[pri:0, instance:runners.TestRunner@7085bdee]" name="after" is-config="true" duration-ms="1" started-at="2020-09-05T05:33:42Z" finished-at="2020-09-05T05:33:42Z">
          <reporter-output>
          </reporter-output>
        </test-method> <!-- after -->
        <test-method status="PASS" signature="tearDownClass()[pri:0, instance:runners.TestRunner@7085bdee]" name="tearDownClass" is-config="true" duration-ms="79" started-at="2020-09-05T05:33:42Z" finished-at="2020-09-05T05:33:42Z">
          <reporter-output>
          </reporter-output>
        </test-method> <!-- tearDownClass -->
      </class> <!-- runners.TestRunner -->
    </test> <!-- Default test -->
  </suite> <!-- Default suite -->
</testng-results>
